<?xml version="1.0" encoding="UTF-8"?>
<!-- Generated by org.testng.reporters.JUnitXMLReporter -->
<testsuite ignored="0" hostname="Roopareddy" failures="0" tests="2" name="Error Validations Test" time="8.678" errors="0" timestamp="2025-07-29T15:26:45 IST">
  <testcase classname="rahulshettyacademy.Tests.ErrorValidationsTest" name="cartProductErrorValidation" time="3.381"/>
  <testcase classname="rahulshettyacademy.Tests.ErrorValidationsTest" name="loginErrorValidation" time="0.909"/>
</testsuite> <!-- Error Validations Test -->
