<?xml version="1.0" encoding="UTF-8"?>
<!-- Generated by org.testng.reporters.JUnitXMLReporter -->
<testsuite ignored="0" hostname="Roopareddy" failures="0" tests="2" name="Error Validations Test" time="8.196" errors="0" timestamp="2025-08-01T20:16:41 IST">
  <testcase classname="rahulshettyacademy.Tests.ErrorValidationsTest" name="cartProductErrorValidation" time="3.614"/>
  <testcase classname="rahulshettyacademy.Tests.ErrorValidationsTest" name="loginErrorValidation" time="0.443"/>
</testsuite> <!-- Error Validations Test -->
