<?xml version="1.0" encoding="UTF-8"?>
<testsuite xmlns:xsi="http://www.w3.org/2001/XMLSchema-instance" xsi:noNamespaceSchemaLocation="https://maven.apache.org/surefire/maven-surefire-plugin/xsd/surefire-test-report.xsd" version="3.0.2" name="TestSuite" time="21.784" tests="5" errors="0" skipped="0" failures="0">
  <properties>
[...]
</properties>
  <testcase name="cartProductErrorValidation" classname="rahulshettyacademy.Tests.ErrorValidationsTest" time="3.619">
    <system-err><![CDATA[SLF4J(W): No SLF4J providers were found.
SLF4J(W): Defaulting to no-operation (NOP) logger implementation
SLF4J(W): See https://www.slf4j.org/codes.html#noProviders for further details.
]]></system-err>
  </testcase>
  <testcase name="loginErrorValidation" classname="rahulshettyacademy.Tests.ErrorValidationsTest" time="0.442"/>
  <testcase name="submitOrder[{password=Swapna@123$, email=swapna@gamil.com, productName=IPHONE 13 PRO}](1)" classname="rahulshettyacademy.Tests.SubmitOrderTest" time="2.401">
    <system-out><![CDATA[Thank you for the Order. Your Order ID: | 688cd3506f585eb60d55646f |
]]></system-out>
  </testcase>
  <testcase name="submitOrder[{password=Rupa@123, email=alavalapati@gmail.com, productName=ZARA COAT 3}](2)" classname="rahulshettyacademy.Tests.SubmitOrderTest" time="7.251">
    <system-out><![CDATA[Thank you for the Order. Your Order ID: | 688cd3596f585eb60d5564ab |
]]></system-out>
  </testcase>
  <testcase name="orderHistoryTest" classname="rahulshettyacademy.Tests.SubmitOrderTest" time="0.668"/>
</testsuite>